# JRE version: Java(TM) SE Runtime Environment (8.0_131-b11) (build 1.8.0_131-b11)
# Java VM: Java HotSpot(TM) 64-Bit Server VM (25.131-b11 mixed mode windows-amd64 compressed oops)
Heap:
 PSYoungGen      total 674816K, used 600766K [0x00000000d5f00000, 0x00000000ffe80000, 0x0000000100000000)
  eden space 662016K, 90% used [0x00000000d5f00000,0x00000000fa823be8,0x00000000fe580000)
  from space 12800K, 12% used [0x00000000ff200000,0x00000000ff38bdb0,0x00000000ffe80000)
  to   space 12800K, 0% used [0x00000000fe580000,0x00000000fe580000,0x00000000ff200000)
 ParOldGen       total 107520K, used 44013K [0x0000000081c00000, 0x0000000088500000, 0x00000000d5f00000)
  object space 107520K, 40% used [0x0000000081c00000,0x00000000846fb6d8,0x0000000088500000)
 Metaspace       used 57886K, capacity 59038K, committed 59224K, reserved 1101824K
  class space    used 6929K, capacity 7187K, committed 7296K, reserved 1048576K
GC Heap History (10 events):
Event: 39.007 GC heap before
{Heap before GC invocations=23 (full 3):
 PSYoungGen      total 673280K, used 1388K [0x00000000d5f00000, 0x0000000100000000, 0x0000000100000000)
  eden space 658432K, 0% used [0x00000000d5f00000,0x00000000d5f00000,0x00000000fe200000)
  from space 14848K, 9% used [0x00000000ff080000,0x00000000ff1db1c0,0x00000000fff00000)
  to   space 14848K, 0% used [0x00000000fe200000,0x00000000fe200000,0x00000000ff080000)
 ParOldGen       total 71168K, used 45270K [0x0000000081c00000, 0x0000000086180000, 0x00000000d5f00000)
  object space 71168K, 63% used [0x0000000081c00000,0x00000000848359c0,0x0000000086180000)
 Metaspace       used 57844K, capacity 59014K, committed 59096K, reserved 1101824K
  class space    used 6921K, capacity 7161K, committed 7168K, reserved 1048576K
Event: 39.283 GC heap after
Heap after GC invocations=23 (full 3):
 PSYoungGen      total 673280K, used 0K [0x00000000d5f00000, 0x0000000100000000, 0x0000000100000000)
  eden space 658432K, 0% used [0x00000000d5f00000,0x00000000d5f00000,0x00000000fe200000)
  from space 14848K, 0% used [0x00000000ff080000,0x00000000ff080000,0x00000000fff00000)
  to   space 14848K, 0% used [0x00000000fe200000,0x00000000fe200000,0x00000000ff080000)
 ParOldGen       total 107520K, used 41988K [0x0000000081c00000, 0x0000000088500000, 0x00000000d5f00000)
  object space 107520K, 39% used [0x0000000081c00000,0x00000000845010c8,0x0000000088500000)
 Metaspace       used 57819K, capacity 58966K, committed 59096K, reserved 1101824K
  class space    used 6914K, capacity 7149K, committed 7168K, reserved 1048576K
}
Event: 39.839 GC heap before
{Heap before GC invocations=24 (full 3):
 PSYoungGen      total 673280K, used 658432K [0x00000000d5f00000, 0x0000000100000000, 0x0000000100000000)
  eden space 658432K, 100% used [0x00000000d5f00000,0x00000000fe200000,0x00000000fe200000)
  from space 14848K, 0% used [0x00000000ff080000,0x00000000ff080000,0x00000000fff00000)
  to   space 14848K, 0% used [0x00000000fe200000,0x00000000fe200000,0x00000000ff080000)
 ParOldGen       total 107520K, used 41988K [0x0000000081c00000, 0x0000000088500000, 0x00000000d5f00000)
  object space 107520K, 39% used [0x0000000081c00000,0x00000000845010c8,0x0000000088500000)
 Metaspace       used 57851K, capacity 59002K, committed 59224K, reserved 1101824K
  class space    used 6926K, capacity 7181K, committed 7296K, reserved 1048576K
Event: 39.874 GC heap after
Heap after GC invocations=24 (full 3):
 PSYoungGen      total 673280K, used 1842K [0x00000000d5f00000, 0x00000000fff00000, 0x0000000100000000)
  eden space 658432K, 0% used [0x00000000d5f00000,0x00000000d5f00000,0x00000000fe200000)
  from space 14848K, 12% used [0x00000000fe200000,0x00000000fe3ccb40,0x00000000ff080000)
  to   space 14336K, 0% used [0x00000000ff100000,0x00000000ff100000,0x00000000fff00000)
 ParOldGen       total 107520K, used 41996K [0x0000000081c00000, 0x0000000088500000, 0x00000000d5f00000)
  object space 107520K, 39% used [0x0000000081c00000,0x00000000845030c8,0x0000000088500000)
 Metaspace       used 57851K, capacity 59002K, committed 59224K, reserved 1101824K
  class space    used 6926K, capacity 7181K, committed 7296K, reserved 1048576K
}
Event: 40.343 GC heap before
{Heap before GC invocations=25 (full 3):
 PSYoungGen      total 673280K, used 660274K [0x00000000d5f00000, 0x00000000fff00000, 0x0000000100000000)
  eden space 658432K, 100% used [0x00000000d5f00000,0x00000000fe200000,0x00000000fe200000)
  from space 14848K, 12% used [0x00000000fe200000,0x00000000fe3ccb40,0x00000000ff080000)
  to   space 14336K, 0% used [0x00000000ff100000,0x00000000ff100000,0x00000000fff00000)
 ParOldGen       total 107520K, used 41996K [0x0000000081c00000, 0x0000000088500000, 0x00000000d5f00000)
  object space 107520K, 39% used [0x0000000081c00000,0x00000000845030c8,0x0000000088500000)
 Metaspace       used 57879K, capacity 59038K, committed 59224K, reserved 1101824K
  class space    used 6929K, capacity 7187K, committed 7296K, reserved 1048576K
Event: 40.358 GC heap after
Heap after GC invocations=25 (full 3):
 PSYoungGen      total 673792K, used 2309K [0x00000000d5f00000, 0x00000000ffe80000, 0x0000000100000000)
  eden space 659968K, 0% used [0x00000000d5f00000,0x00000000d5f00000,0x00000000fe380000)
  from space 13824K, 16% used [0x00000000ff100000,0x00000000ff341740,0x00000000ffe80000)
  to   space 13824K, 0% used [0x00000000fe380000,0x00000000fe380000,0x00000000ff100000)
 ParOldGen       total 107520K, used 42483K [0x0000000081c00000, 0x0000000088500000, 0x00000000d5f00000)
  object space 107520K, 39% used [0x0000000081c00000,0x000000008457ce80,0x0000000088500000)
 Metaspace       used 57879K, capacity 59038K, committed 59224K, reserved 1101824K
  class space    used 6929K, capacity 7187K, committed 7296K, reserved 1048576K
}
Event: 40.763 GC heap before
{Heap before GC invocations=26 (full 3):
 PSYoungGen      total 673792K, used 662277K [0x00000000d5f00000, 0x00000000ffe80000, 0x0000000100000000)
  eden space 659968K, 100% used [0x00000000d5f00000,0x00000000fe380000,0x00000000fe380000)
  from space 13824K, 16% used [0x00000000ff100000,0x00000000ff341740,0x00000000ffe80000)
  to   space 13824K, 0% used [0x00000000fe380000,0x00000000fe380000,0x00000000ff100000)
 ParOldGen       total 107520K, used 42483K [0x0000000081c00000, 0x0000000088500000, 0x00000000d5f00000)
  object space 107520K, 39% used [0x0000000081c00000,0x000000008457ce80,0x0000000088500000)
 Metaspace       used 57883K, capacity 59038K, committed 59224K, reserved 1101824K
  class space    used 6929K, capacity 7187K, committed 7296K, reserved 1048576K
Event: 40.833 GC heap after
Heap after GC invocations=26 (full 3):
 PSYoungGen      total 673792K, used 1714K [0x00000000d5f00000, 0x00000000fff00000, 0x0000000100000000)
  eden space 659968K, 0% used [0x00000000d5f00000,0x00000000d5f00000,0x00000000fe380000)
  from space 13824K, 12% used [0x00000000fe380000,0x00000000fe52ca08,0x00000000ff100000)
  to   space 13312K, 0% used [0x00000000ff200000,0x00000000ff200000,0x00000000fff00000)
 ParOldGen       total 107520K, used 43633K [0x0000000081c00000, 0x0000000088500000, 0x00000000d5f00000)
  object space 107520K, 40% used [0x0000000081c00000,0x000000008469c708,0x0000000088500000)
 Metaspace       used 57883K, capacity 59038K, committed 59224K, reserved 1101824K
  class space    used 6929K, capacity 7187K, committed 7296K, reserved 1048576K
}
Event: 41.262 GC heap before
{Heap before GC invocations=27 (full 3):
 PSYoungGen      total 673792K, used 661682K [0x00000000d5f00000, 0x00000000fff00000, 0x0000000100000000)
  eden space 659968K, 100% used [0x00000000d5f00000,0x00000000fe380000,0x00000000fe380000)
  from space 13824K, 12% used [0x00000000fe380000,0x00000000fe52ca08,0x00000000ff100000)
  to   space 13312K, 0% used [0x00000000ff200000,0x00000000ff200000,0x00000000fff00000)
 ParOldGen       total 107520K, used 43633K [0x0000000081c00000, 0x0000000088500000, 0x00000000d5f00000)
  object space 107520K, 40% used [0x0000000081c00000,0x000000008469c708,0x0000000088500000)
 Metaspace       used 57883K, capacity 59038K, committed 59224K, reserved 1101824K
  class space    used 6929K, capacity 7187K, committed 7296K, reserved 1048576K
Event: 41.270 GC heap after
Heap after GC invocations=27 (full 3):
 PSYoungGen      total 674816K, used 1583K [0x00000000d5f00000, 0x00000000ffe80000, 0x0000000100000000)
  eden space 662016K, 0% used [0x00000000d5f00000,0x00000000d5f00000,0x00000000fe580000)
  from space 12800K, 12% used [0x00000000ff200000,0x00000000ff38bdb0,0x00000000ffe80000)
  to   space 12800K, 0% used [0x00000000fe580000,0x00000000fe580000,0x00000000ff200000)
 ParOldGen       total 107520K, used 44013K [0x0000000081c00000, 0x0000000088500000, 0x00000000d5f00000)
  object space 107520K, 40% used [0x0000000081c00000,0x00000000846fb6d8,0x0000000088500000)
 Metaspace       used 57883K, capacity 59038K, committed 59224K, reserved 1101824K
  class space    used 6929K, capacity 7187K, committed 7296K, reserved 1048576K
}

