# JRE version: Java(TM) SE Runtime Environment (8.0_131-b11) (build 1.8.0_131-b11)
# Java VM: Java HotSpot(TM) 64-Bit Server VM (25.131-b11 mixed mode windows-amd64 compressed oops)
Heap:
 PSYoungGen      total 664064K, used 270411K [0x00000000d5f00000, 0x00000000fff00000, 0x0000000100000000)
  eden space 649216K, 41% used [0x00000000d5f00000,0x00000000e64f5c00,0x00000000fd900000)
  from space 14848K, 14% used [0x00000000fe700000,0x00000000fe91d210,0x00000000ff580000)
  to   space 14336K, 0% used [0x00000000fd900000,0x00000000fd900000,0x00000000fe700000)
 ParOldGen       total 116224K, used 39516K [0x0000000081c00000, 0x0000000088d80000, 0x00000000d5f00000)
  object space 116224K, 34% used [0x0000000081c00000,0x00000000842972e8,0x0000000088d80000)
 Metaspace       used 58287K, capacity 59354K, committed 59608K, reserved 1101824K
  class space    used 6986K, capacity 7213K, committed 7296K, reserved 1048576K
GC Heap History (10 events):
Event: 31.848 GC heap before
{Heap before GC invocations=19 (full 2):
 PSYoungGen      total 467968K, used 368954K [0x00000000d5f00000, 0x00000000f3f00000, 0x0000000100000000)
  eden space 462848K, 79% used [0x00000000d5f00000,0x00000000ec4bbc30,0x00000000f2300000)
  from space 5120K, 51% used [0x00000000f3a00000,0x00000000f3c92c48,0x00000000f3f00000)
  to   space 14336K, 0% used [0x00000000f2300000,0x00000000f2300000,0x00000000f3100000)
 ParOldGen       total 77824K, used 43286K [0x0000000081c00000, 0x0000000086800000, 0x00000000d5f00000)
  object space 77824K, 55% used [0x0000000081c00000,0x00000000846459f0,0x0000000086800000)
 Metaspace       used 57813K, capacity 58980K, committed 59096K, reserved 1101824K
  class space    used 6935K, capacity 7200K, committed 7296K, reserved 1048576K
Event: 31.854 GC heap after
Heap after GC invocations=19 (full 2):
 PSYoungGen      total 477184K, used 767K [0x00000000d5f00000, 0x00000000fa600000, 0x0000000100000000)
  eden space 462848K, 0% used [0x00000000d5f00000,0x00000000d5f00000,0x00000000f2300000)
  from space 14336K, 5% used [0x00000000f2300000,0x00000000f23bfe58,0x00000000f3100000)
  to   space 14848K, 0% used [0x00000000f9780000,0x00000000f9780000,0x00000000fa600000)
 ParOldGen       total 77824K, used 44655K [0x0000000081c00000, 0x0000000086800000, 0x00000000d5f00000)
  object space 77824K, 57% used [0x0000000081c00000,0x000000008479bed8,0x0000000086800000)
 Metaspace       used 57813K, capacity 58980K, committed 59096K, reserved 1101824K
  class space    used 6935K, capacity 7200K, committed 7296K, reserved 1048576K
}
Event: 31.854 GC heap before
{Heap before GC invocations=20 (full 3):
 PSYoungGen      total 477184K, used 767K [0x00000000d5f00000, 0x00000000fa600000, 0x0000000100000000)
  eden space 462848K, 0% used [0x00000000d5f00000,0x00000000d5f00000,0x00000000f2300000)
  from space 14336K, 5% used [0x00000000f2300000,0x00000000f23bfe58,0x00000000f3100000)
  to   space 14848K, 0% used [0x00000000f9780000,0x00000000f9780000,0x00000000fa600000)
 ParOldGen       total 77824K, used 44655K [0x0000000081c00000, 0x0000000086800000, 0x00000000d5f00000)
  object space 77824K, 57% used [0x0000000081c00000,0x000000008479bed8,0x0000000086800000)
 Metaspace       used 57813K, capacity 58980K, committed 59096K, reserved 1101824K
  class space    used 6935K, capacity 7200K, committed 7296K, reserved 1048576K
Event: 32.099 GC heap after
Heap after GC invocations=20 (full 3):
 PSYoungGen      total 477184K, used 0K [0x00000000d5f00000, 0x00000000fa600000, 0x0000000100000000)
  eden space 462848K, 0% used [0x00000000d5f00000,0x00000000d5f00000,0x00000000f2300000)
  from space 14336K, 0% used [0x00000000f2300000,0x00000000f2300000,0x00000000f3100000)
  to   space 14848K, 0% used [0x00000000f9780000,0x00000000f9780000,0x00000000fa600000)
 ParOldGen       total 116224K, used 39492K [0x0000000081c00000, 0x0000000088d80000, 0x00000000d5f00000)
  object space 116224K, 33% used [0x0000000081c00000,0x00000000842912e8,0x0000000088d80000)
 Metaspace       used 57776K, capacity 58898K, committed 59096K, reserved 1101824K
  class space    used 6924K, capacity 7181K, committed 7296K, reserved 1048576K
}
Event: 32.871 GC heap before
{Heap before GC invocations=21 (full 3):
 PSYoungGen      total 477184K, used 462848K [0x00000000d5f00000, 0x00000000fa600000, 0x0000000100000000)
  eden space 462848K, 100% used [0x00000000d5f00000,0x00000000f2300000,0x00000000f2300000)
  from space 14336K, 0% used [0x00000000f2300000,0x00000000f2300000,0x00000000f3100000)
  to   space 14848K, 0% used [0x00000000f9780000,0x00000000f9780000,0x00000000fa600000)
 ParOldGen       total 116224K, used 39492K [0x0000000081c00000, 0x0000000088d80000, 0x00000000d5f00000)
  object space 116224K, 33% used [0x0000000081c00000,0x00000000842912e8,0x0000000088d80000)
 Metaspace       used 57836K, capacity 58970K, committed 59352K, reserved 1101824K
  class space    used 6924K, capacity 7181K, committed 7296K, reserved 1048576K
Event: 32.877 GC heap after
Heap after GC invocations=21 (full 3):
 PSYoungGen      total 548864K, used 1836K [0x00000000d5f00000, 0x00000000f9980000, 0x0000000100000000)
  eden space 546816K, 0% used [0x00000000d5f00000,0x00000000d5f00000,0x00000000f7500000)
  from space 2048K, 89% used [0x00000000f9780000,0x00000000f994b130,0x00000000f9980000)
  to   space 14848K, 0% used [0x00000000f7c80000,0x00000000f7c80000,0x00000000f8b00000)
 ParOldGen       total 116224K, used 39500K [0x0000000081c00000, 0x0000000088d80000, 0x00000000d5f00000)
  object space 116224K, 33% used [0x0000000081c00000,0x00000000842932e8,0x0000000088d80000)
 Metaspace       used 57836K, capacity 58970K, committed 59352K, reserved 1101824K
  class space    used 6924K, capacity 7181K, committed 7296K, reserved 1048576K
}
Event: 33.369 GC heap before
{Heap before GC invocations=22 (full 3):
 PSYoungGen      total 548864K, used 548652K [0x00000000d5f00000, 0x00000000f9980000, 0x0000000100000000)
  eden space 546816K, 100% used [0x00000000d5f00000,0x00000000f7500000,0x00000000f7500000)
  from space 2048K, 89% used [0x00000000f9780000,0x00000000f994b130,0x00000000f9980000)
  to   space 14848K, 0% used [0x00000000f7c80000,0x00000000f7c80000,0x00000000f8b00000)
 ParOldGen       total 116224K, used 39500K [0x0000000081c00000, 0x0000000088d80000, 0x00000000d5f00000)
  object space 116224K, 33% used [0x0000000081c00000,0x00000000842932e8,0x0000000088d80000)
 Metaspace       used 57952K, capacity 59066K, committed 59352K, reserved 1101824K
  class space    used 6946K, capacity 7181K, committed 7296K, reserved 1048576K
Event: 33.375 GC heap after
Heap after GC invocations=22 (full 3):
 PSYoungGen      total 569344K, used 1317K [0x00000000d5f00000, 0x00000000ff580000, 0x0000000100000000)
  eden space 554496K, 0% used [0x00000000d5f00000,0x00000000d5f00000,0x00000000f7c80000)
  from space 14848K, 8% used [0x00000000f7c80000,0x00000000f7dc97a0,0x00000000f8b00000)
  to   space 14848K, 0% used [0x00000000fe700000,0x00000000fe700000,0x00000000ff580000)
 ParOldGen       total 116224K, used 39508K [0x0000000081c00000, 0x0000000088d80000, 0x00000000d5f00000)
  object space 116224K, 33% used [0x0000000081c00000,0x00000000842952e8,0x0000000088d80000)
 Metaspace       used 57952K, capacity 59066K, committed 59352K, reserved 1101824K
  class space    used 6946K, capacity 7181K, committed 7296K, reserved 1048576K
}
Event: 34.039 GC heap before
{Heap before GC invocations=23 (full 3):
 PSYoungGen      total 569344K, used 555813K [0x00000000d5f00000, 0x00000000ff580000, 0x0000000100000000)
  eden space 554496K, 100% used [0x00000000d5f00000,0x00000000f7c80000,0x00000000f7c80000)
  from space 14848K, 8% used [0x00000000f7c80000,0x00000000f7dc97a0,0x00000000f8b00000)
  to   space 14848K, 0% used [0x00000000fe700000,0x00000000fe700000,0x00000000ff580000)
 ParOldGen       total 116224K, used 39508K [0x0000000081c00000, 0x0000000088d80000, 0x00000000d5f00000)
  object space 116224K, 33% used [0x0000000081c00000,0x00000000842952e8,0x0000000088d80000)
 Metaspace       used 58277K, capacity 59354K, committed 59608K, reserved 1101824K
  class space    used 6986K, capacity 7213K, committed 7296K, reserved 1048576K
Event: 34.051 GC heap after
Heap after GC invocations=23 (full 3):
 PSYoungGen      total 664064K, used 2164K [0x00000000d5f00000, 0x00000000fff00000, 0x0000000100000000)
  eden space 649216K, 0% used [0x00000000d5f00000,0x00000000d5f00000,0x00000000fd900000)
  from space 14848K, 14% used [0x00000000fe700000,0x00000000fe91d210,0x00000000ff580000)
  to   space 14336K, 0% used [0x00000000fd900000,0x00000000fd900000,0x00000000fe700000)
 ParOldGen       total 116224K, used 39516K [0x0000000081c00000, 0x0000000088d80000, 0x00000000d5f00000)
  object space 116224K, 34% used [0x0000000081c00000,0x00000000842972e8,0x0000000088d80000)
 Metaspace       used 58277K, capacity 59354K, committed 59608K, reserved 1101824K
  class space    used 6986K, capacity 7213K, committed 7296K, reserved 1048576K
}

