# JRE version: Java(TM) SE Runtime Environment (8.0_131-b11) (build 1.8.0_131-b11)
# Java VM: Java HotSpot(TM) 64-Bit Server VM (25.131-b11 mixed mode windows-amd64 compressed oops)
Heap:
 PSYoungGen      total 673792K, used 1969K [0x00000000d5f00000, 0x0000000100000000, 0x0000000100000000)
  eden space 658432K, 0% used [0x00000000d5f00000,0x00000000d5f00058,0x00000000fe200000)
  from space 15360K, 12% used [0x00000000fe200000,0x00000000fe3ec778,0x00000000ff100000)
  to   space 15360K, 0% used [0x00000000ff100000,0x00000000ff100000,0x0000000100000000)
 ParOldGen       total 71168K, used 41548K [0x0000000081c00000, 0x0000000086180000, 0x00000000d5f00000)
  object space 71168K, 58% used [0x0000000081c00000,0x00000000844931d0,0x0000000086180000)
 Metaspace       used 57998K, capacity 59190K, committed 59352K, reserved 1101824K
  class space    used 6930K, capacity 7205K, committed 7296K, reserved 1048576K
GC Heap History (10 events):
Event: 44.865 GC heap before
{Heap before GC invocations=18 (full 2):
 PSYoungGen      total 400384K, used 394786K [0x00000000d5f00000, 0x00000000f8880000, 0x0000000100000000)
  eden space 385536K, 100% used [0x00000000d5f00000,0x00000000ed780000,0x00000000ed780000)
  from space 14848K, 62% used [0x00000000ed780000,0x00000000ee088a60,0x00000000ee600000)
  to   space 14848K, 0% used [0x00000000f7a00000,0x00000000f7a00000,0x00000000f8880000)
 ParOldGen       total 71168K, used 41180K [0x0000000081c00000, 0x0000000086180000, 0x00000000d5f00000)
  object space 71168K, 57% used [0x0000000081c00000,0x00000000844372c8,0x0000000086180000)
 Metaspace       used 56735K, capacity 57966K, committed 58112K, reserved 1099776K
  class space    used 6811K, capacity 7065K, committed 7168K, reserved 1048576K
Event: 44.874 GC heap after
Heap after GC invocations=18 (full 2):
 PSYoungGen      total 543744K, used 1745K [0x00000000d5f00000, 0x00000000f8500000, 0x0000000100000000)
  eden space 532480K, 0% used [0x00000000d5f00000,0x00000000d5f00000,0x00000000f6700000)
  from space 11264K, 15% used [0x00000000f7a00000,0x00000000f7bb4550,0x00000000f8500000)
  to   space 15360K, 0% used [0x00000000f6700000,0x00000000f6700000,0x00000000f7600000)
 ParOldGen       total 71168K, used 43552K [0x0000000081c00000, 0x0000000086180000, 0x00000000d5f00000)
  object space 71168K, 61% used [0x0000000081c00000,0x0000000084688090,0x0000000086180000)
 Metaspace       used 56735K, capacity 57966K, committed 58112K, reserved 1099776K
  class space    used 6811K, capacity 7065K, committed 7168K, reserved 1048576K
}
Event: 45.569 GC heap before
{Heap before GC invocations=19 (full 2):
 PSYoungGen      total 543744K, used 325438K [0x00000000d5f00000, 0x00000000f8500000, 0x0000000100000000)
  eden space 532480K, 60% used [0x00000000d5f00000,0x00000000e9b1b380,0x00000000f6700000)
  from space 11264K, 15% used [0x00000000f7a00000,0x00000000f7bb4550,0x00000000f8500000)
  to   space 15360K, 0% used [0x00000000f6700000,0x00000000f6700000,0x00000000f7600000)
 ParOldGen       total 71168K, used 43552K [0x0000000081c00000, 0x0000000086180000, 0x00000000d5f00000)
  object space 71168K, 61% used [0x0000000081c00000,0x0000000084688090,0x0000000086180000)
 Metaspace       used 57692K, capacity 58938K, committed 59096K, reserved 1101824K
  class space    used 6930K, capacity 7193K, committed 7296K, reserved 1048576K
Event: 45.577 GC heap after
Heap after GC invocations=19 (full 2):
 PSYoungGen      total 547840K, used 1423K [0x00000000d5f00000, 0x0000000100000000, 0x0000000100000000)
  eden space 532480K, 0% used [0x00000000d5f00000,0x00000000d5f00000,0x00000000f6700000)
  from space 15360K, 9% used [0x00000000f6700000,0x00000000f6863f30,0x00000000f7600000)
  to   space 15360K, 0% used [0x00000000ff100000,0x00000000ff100000,0x0000000100000000)
 ParOldGen       total 71168K, used 43921K [0x0000000081c00000, 0x0000000086180000, 0x00000000d5f00000)
  object space 71168K, 61% used [0x0000000081c00000,0x00000000846e4520,0x0000000086180000)
 Metaspace       used 57692K, capacity 58938K, committed 59096K, reserved 1101824K
  class space    used 6930K, capacity 7193K, committed 7296K, reserved 1048576K
}
Event: 45.577 GC heap before
{Heap before GC invocations=20 (full 3):
 PSYoungGen      total 547840K, used 1423K [0x00000000d5f00000, 0x0000000100000000, 0x0000000100000000)
  eden space 532480K, 0% used [0x00000000d5f00000,0x00000000d5f00000,0x00000000f6700000)
  from space 15360K, 9% used [0x00000000f6700000,0x00000000f6863f30,0x00000000f7600000)
  to   space 15360K, 0% used [0x00000000ff100000,0x00000000ff100000,0x0000000100000000)
 ParOldGen       total 71168K, used 43921K [0x0000000081c00000, 0x0000000086180000, 0x00000000d5f00000)
  object space 71168K, 61% used [0x0000000081c00000,0x00000000846e4520,0x0000000086180000)
 Metaspace       used 57692K, capacity 58938K, committed 59096K, reserved 1101824K
  class space    used 6930K, capacity 7193K, committed 7296K, reserved 1048576K
Event: 45.804 GC heap after
Heap after GC invocations=20 (full 3):
 PSYoungGen      total 547840K, used 0K [0x00000000d5f00000, 0x0000000100000000, 0x0000000100000000)
  eden space 532480K, 0% used [0x00000000d5f00000,0x00000000d5f00000,0x00000000f6700000)
  from space 15360K, 0% used [0x00000000f6700000,0x00000000f6700000,0x00000000f7600000)
  to   space 15360K, 0% used [0x00000000ff100000,0x00000000ff100000,0x0000000100000000)
 ParOldGen       total 71168K, used 41058K [0x0000000081c00000, 0x0000000086180000, 0x00000000d5f00000)
  object space 71168K, 57% used [0x0000000081c00000,0x00000000844188a0,0x0000000086180000)
 Metaspace       used 57610K, capacity 58796K, committed 59096K, reserved 1101824K
  class space    used 6912K, capacity 7160K, committed 7296K, reserved 1048576K
}
Event: 47.158 GC heap before
{Heap before GC invocations=21 (full 3):
 PSYoungGen      total 547840K, used 532480K [0x00000000d5f00000, 0x0000000100000000, 0x0000000100000000)
  eden space 532480K, 100% used [0x00000000d5f00000,0x00000000f6700000,0x00000000f6700000)
  from space 15360K, 0% used [0x00000000f6700000,0x00000000f6700000,0x00000000f7600000)
  to   space 15360K, 0% used [0x00000000ff100000,0x00000000ff100000,0x0000000100000000)
 ParOldGen       total 71168K, used 41058K [0x0000000081c00000, 0x0000000086180000, 0x00000000d5f00000)
  object space 71168K, 57% used [0x0000000081c00000,0x00000000844188a0,0x0000000086180000)
 Metaspace       used 57848K, capacity 59104K, committed 59352K, reserved 1101824K
  class space    used 6929K, capacity 7204K, committed 7296K, reserved 1048576K
Event: 47.186 GC heap after
Heap after GC invocations=21 (full 3):
 PSYoungGen      total 673792K, used 1659K [0x00000000d5f00000, 0x0000000100000000, 0x0000000100000000)
  eden space 658432K, 0% used [0x00000000d5f00000,0x00000000d5f00000,0x00000000fe200000)
  from space 15360K, 10% used [0x00000000ff100000,0x00000000ff29ec60,0x0000000100000000)
  to   space 15360K, 0% used [0x00000000fe200000,0x00000000fe200000,0x00000000ff100000)
 ParOldGen       total 71168K, used 41066K [0x0000000081c00000, 0x0000000086180000, 0x00000000d5f00000)
  object space 71168K, 57% used [0x0000000081c00000,0x000000008441a8a0,0x0000000086180000)
 Metaspace       used 57848K, capacity 59104K, committed 59352K, reserved 1101824K
  class space    used 6929K, capacity 7204K, committed 7296K, reserved 1048576K
}
Event: 48.829 GC heap before
{Heap before GC invocations=22 (full 3):
 PSYoungGen      total 673792K, used 660091K [0x00000000d5f00000, 0x0000000100000000, 0x0000000100000000)
  eden space 658432K, 100% used [0x00000000d5f00000,0x00000000fe200000,0x00000000fe200000)
  from space 15360K, 10% used [0x00000000ff100000,0x00000000ff29ec60,0x0000000100000000)
  to   space 15360K, 0% used [0x00000000fe200000,0x00000000fe200000,0x00000000ff100000)
 ParOldGen       total 71168K, used 41066K [0x0000000081c00000, 0x0000000086180000, 0x00000000d5f00000)
  object space 71168K, 57% used [0x0000000081c00000,0x000000008441a8a0,0x0000000086180000)
 Metaspace       used 57998K, capacity 59190K, committed 59352K, reserved 1101824K
  class space    used 6930K, capacity 7205K, committed 7296K, reserved 1048576K
Event: 48.989 GC heap after
Heap after GC invocations=22 (full 3):
 PSYoungGen      total 673792K, used 1969K [0x00000000d5f00000, 0x0000000100000000, 0x0000000100000000)
  eden space 658432K, 0% used [0x00000000d5f00000,0x00000000d5f00000,0x00000000fe200000)
  from space 15360K, 12% used [0x00000000fe200000,0x00000000fe3ec778,0x00000000ff100000)
  to   space 15360K, 0% used [0x00000000ff100000,0x00000000ff100000,0x0000000100000000)
 ParOldGen       total 71168K, used 41548K [0x0000000081c00000, 0x0000000086180000, 0x00000000d5f00000)
  object space 71168K, 58% used [0x0000000081c00000,0x00000000844931d0,0x0000000086180000)
 Metaspace       used 57998K, capacity 59190K, committed 59352K, reserved 1101824K
  class space    used 6930K, capacity 7205K, committed 7296K, reserved 1048576K
}

