# JRE version: Java(TM) SE Runtime Environment (8.0_131-b11) (build 1.8.0_131-b11)
# Java VM: Java HotSpot(TM) 64-Bit Server VM (25.131-b11 mixed mode windows-amd64 compressed oops)
Heap:
 PSYoungGen      total 648704K, used 634693K [0x00000000d5f00000, 0x00000000fec00000, 0x0000000100000000)
  eden space 631808K, 100% used [0x00000000d5f00000,0x00000000fc800000,0x00000000fc800000)
  from space 16896K, 17% used [0x00000000fd880000,0x00000000fdb51648,0x00000000fe900000)
  to   space 16896K, 0% used [0x00000000fc800000,0x00000000fc800000,0x00000000fd880000)
 ParOldGen       total 75776K, used 52952K [0x0000000081c00000, 0x0000000086600000, 0x00000000d5f00000)
  object space 75776K, 69% used [0x0000000081c00000,0x0000000084fb6130,0x0000000086600000)
 Metaspace       used 57535K, capacity 58718K, committed 59008K, reserved 1101824K
  class space    used 6932K, capacity 7191K, committed 7296K, reserved 1048576K
GC Heap History (10 events):
Event: 30.334 GC heap before
{Heap before GC invocations=16 (full 2):
 PSYoungGen      total 505344K, used 492769K [0x00000000d5f00000, 0x00000000f7300000, 0x0000000100000000)
  eden space 487936K, 100% used [0x00000000d5f00000,0x00000000f3b80000,0x00000000f3b80000)
  from space 17408K, 27% used [0x00000000f3b80000,0x00000000f40384a0,0x00000000f4c80000)
  to   space 17408K, 0% used [0x00000000f4c80000,0x00000000f4c80000,0x00000000f5d80000)
 ParOldGen       total 75776K, used 47091K [0x0000000081c00000, 0x0000000086600000, 0x00000000d5f00000)
  object space 75776K, 62% used [0x0000000081c00000,0x00000000849fcc78,0x0000000086600000)
 Metaspace       used 56610K, capacity 57720K, committed 57856K, reserved 1099776K
  class space    used 6831K, capacity 7060K, committed 7168K, reserved 1048576K
Event: 30.341 GC heap after
Heap after GC invocations=16 (full 2):
 PSYoungGen      total 505344K, used 3762K [0x00000000d5f00000, 0x00000000f7300000, 0x0000000100000000)
  eden space 487936K, 0% used [0x00000000d5f00000,0x00000000d5f00000,0x00000000f3b80000)
  from space 17408K, 21% used [0x00000000f4c80000,0x00000000f502c860,0x00000000f5d80000)
  to   space 17408K, 0% used [0x00000000f3b80000,0x00000000f3b80000,0x00000000f4c80000)
 ParOldGen       total 75776K, used 49213K [0x0000000081c00000, 0x0000000086600000, 0x00000000d5f00000)
  object space 75776K, 64% used [0x0000000081c00000,0x0000000084c0f430,0x0000000086600000)
 Metaspace       used 56610K, capacity 57720K, committed 57856K, reserved 1099776K
  class space    used 6831K, capacity 7060K, committed 7168K, reserved 1048576K
}
Event: 30.760 GC heap before
{Heap before GC invocations=17 (full 2):
 PSYoungGen      total 505344K, used 491698K [0x00000000d5f00000, 0x00000000f7300000, 0x0000000100000000)
  eden space 487936K, 100% used [0x00000000d5f00000,0x00000000f3b80000,0x00000000f3b80000)
  from space 17408K, 21% used [0x00000000f4c80000,0x00000000f502c860,0x00000000f5d80000)
  to   space 17408K, 0% used [0x00000000f3b80000,0x00000000f3b80000,0x00000000f4c80000)
 ParOldGen       total 75776K, used 49213K [0x0000000081c00000, 0x0000000086600000, 0x00000000d5f00000)
  object space 75776K, 64% used [0x0000000081c00000,0x0000000084c0f430,0x0000000086600000)
 Metaspace       used 56762K, capacity 57868K, committed 58112K, reserved 1099776K
  class space    used 6831K, capacity 7060K, committed 7168K, reserved 1048576K
Event: 30.787 GC heap after
Heap after GC invocations=17 (full 2):
 PSYoungGen      total 505344K, used 2744K [0x00000000d5f00000, 0x00000000f7300000, 0x0000000100000000)
  eden space 487936K, 0% used [0x00000000d5f00000,0x00000000d5f00000,0x00000000f3b80000)
  from space 17408K, 15% used [0x00000000f3b80000,0x00000000f3e2e090,0x00000000f4c80000)
  to   space 17408K, 0% used [0x00000000f4c80000,0x00000000f4c80000,0x00000000f5d80000)
 ParOldGen       total 75776K, used 50975K [0x0000000081c00000, 0x0000000086600000, 0x00000000d5f00000)
  object space 75776K, 67% used [0x0000000081c00000,0x0000000084dc7ce8,0x0000000086600000)
 Metaspace       used 56762K, capacity 57868K, committed 58112K, reserved 1099776K
  class space    used 6831K, capacity 7060K, committed 7168K, reserved 1048576K
}
Event: 31.292 GC heap before
{Heap before GC invocations=18 (full 2):
 PSYoungGen      total 505344K, used 490680K [0x00000000d5f00000, 0x00000000f7300000, 0x0000000100000000)
  eden space 487936K, 100% used [0x00000000d5f00000,0x00000000f3b80000,0x00000000f3b80000)
  from space 17408K, 15% used [0x00000000f3b80000,0x00000000f3e2e090,0x00000000f4c80000)
  to   space 17408K, 0% used [0x00000000f4c80000,0x00000000f4c80000,0x00000000f5d80000)
 ParOldGen       total 75776K, used 50975K [0x0000000081c00000, 0x0000000086600000, 0x00000000d5f00000)
  object space 75776K, 67% used [0x0000000081c00000,0x0000000084dc7ce8,0x0000000086600000)
 Metaspace       used 56920K, capacity 58034K, committed 58112K, reserved 1099776K
  class space    used 6858K, capacity 7093K, committed 7168K, reserved 1048576K
Event: 31.298 GC heap after
Heap after GC invocations=18 (full 2):
 PSYoungGen      total 505344K, used 1266K [0x00000000d5f00000, 0x00000000f7300000, 0x0000000100000000)
  eden space 487936K, 0% used [0x00000000d5f00000,0x00000000d5f00000,0x00000000f3b80000)
  from space 17408K, 7% used [0x00000000f4c80000,0x00000000f4dbcaa0,0x00000000f5d80000)
  to   space 17408K, 0% used [0x00000000f3b80000,0x00000000f3b80000,0x00000000f4c80000)
 ParOldGen       total 75776K, used 51997K [0x0000000081c00000, 0x0000000086600000, 0x00000000d5f00000)
  object space 75776K, 68% used [0x0000000081c00000,0x0000000084ec7490,0x0000000086600000)
 Metaspace       used 56920K, capacity 58034K, committed 58112K, reserved 1099776K
  class space    used 6858K, capacity 7093K, committed 7168K, reserved 1048576K
}
Event: 31.641 GC heap before
{Heap before GC invocations=19 (full 2):
 PSYoungGen      total 505344K, used 489202K [0x00000000d5f00000, 0x00000000f7300000, 0x0000000100000000)
  eden space 487936K, 100% used [0x00000000d5f00000,0x00000000f3b80000,0x00000000f3b80000)
  from space 17408K, 7% used [0x00000000f4c80000,0x00000000f4dbcaa0,0x00000000f5d80000)
  to   space 17408K, 0% used [0x00000000f3b80000,0x00000000f3b80000,0x00000000f4c80000)
 ParOldGen       total 75776K, used 51997K [0x0000000081c00000, 0x0000000086600000, 0x00000000d5f00000)
  object space 75776K, 68% used [0x0000000081c00000,0x0000000084ec7490,0x0000000086600000)
 Metaspace       used 57038K, capacity 58170K, committed 58368K, reserved 1099776K
  class space    used 6864K, capacity 7093K, committed 7168K, reserved 1048576K
Event: 31.646 GC heap after
Heap after GC invocations=19 (full 2):
 PSYoungGen      total 505344K, used 2607K [0x00000000d5f00000, 0x00000000fe900000, 0x0000000100000000)
  eden space 487936K, 0% used [0x00000000d5f00000,0x00000000d5f00000,0x00000000f3b80000)
  from space 17408K, 14% used [0x00000000f3b80000,0x00000000f3e0bd20,0x00000000f4c80000)
  to   space 16896K, 0% used [0x00000000fd880000,0x00000000fd880000,0x00000000fe900000)
 ParOldGen       total 75776K, used 52370K [0x0000000081c00000, 0x0000000086600000, 0x00000000d5f00000)
  object space 75776K, 69% used [0x0000000081c00000,0x0000000084f24948,0x0000000086600000)
 Metaspace       used 57038K, capacity 58170K, committed 58368K, reserved 1099776K
  class space    used 6864K, capacity 7093K, committed 7168K, reserved 1048576K
}
Event: 32.072 GC heap before
{Heap before GC invocations=20 (full 2):
 PSYoungGen      total 505344K, used 490543K [0x00000000d5f00000, 0x00000000fe900000, 0x0000000100000000)
  eden space 487936K, 100% used [0x00000000d5f00000,0x00000000f3b80000,0x00000000f3b80000)
  from space 17408K, 14% used [0x00000000f3b80000,0x00000000f3e0bd20,0x00000000f4c80000)
  to   space 16896K, 0% used [0x00000000fd880000,0x00000000fd880000,0x00000000fe900000)
 ParOldGen       total 75776K, used 52370K [0x0000000081c00000, 0x0000000086600000, 0x00000000d5f00000)
  object space 75776K, 69% used [0x0000000081c00000,0x0000000084f24948,0x0000000086600000)
 Metaspace       used 57532K, capacity 58718K, committed 59008K, reserved 1101824K
  class space    used 6932K, capacity 7191K, committed 7296K, reserved 1048576K
Event: 32.083 GC heap after
Heap after GC invocations=20 (full 2):
 PSYoungGen      total 648704K, used 2885K [0x00000000d5f00000, 0x00000000fec00000, 0x0000000100000000)
  eden space 631808K, 0% used [0x00000000d5f00000,0x00000000d5f00000,0x00000000fc800000)
  from space 16896K, 17% used [0x00000000fd880000,0x00000000fdb51648,0x00000000fe900000)
  to   space 16896K, 0% used [0x00000000fc800000,0x00000000fc800000,0x00000000fd880000)
 ParOldGen       total 75776K, used 52952K [0x0000000081c00000, 0x0000000086600000, 0x00000000d5f00000)
  object space 75776K, 69% used [0x0000000081c00000,0x0000000084fb6130,0x0000000086600000)
 Metaspace       used 57532K, capacity 58718K, committed 59008K, reserved 1101824K
  class space    used 6932K, capacity 7191K, committed 7296K, reserved 1048576K
}

